2005-07-23 10:58:55
2006-10-07 10:41:50
2006-10-07 10:42:14
2006-10-07 10:46:44
2006-10-07 10:47:25
2006-10-07 10:47:40
2006-10-15 19:01:30
2006-10-15 19:01:44
2006-10-15 19:02:11
2006-10-15 19:03:22
2006-10-15 19:05:38
2006-10-15 19:18:31
2006-10-15 19:54:05
2006-10-15 19:59:25
2006-10-15 20:50:06
2006-10-15 20:50:30
2006-10-15 20:51:19
2006-10-15 20:56:41
2006-10-15 20:56:44
2006-10-15 20:57:00
2006-10-15 21:00:20
2006-10-15 21:07:05
2006-10-15 21:07:56
2006-11-12 09:26:25.772
2006-11-12 09:27:14.672
2006-11-12 09:28:03.442
2006-11-12 09:29:42.194
2006-11-12 09:29:49.835
2006-11-12 09:30:10.275
2006-11-12 09:41:07.029	Succeeded: true, IsCodeInsight: false
2006-11-12 09:41:07.850	Succeeded: true, IsCodeInsight: true
2006-11-12 09:41:10.053	Succeeded: true, IsCodeInsight: true
2006-11-12 09:46:22.903	Succeeded: true, IsCodeInsight: false
2006-12-26 13:08:38.476	Succeeded: false, IsCodeInsight: false
2006-12-26 13:08:43.122	Succeeded: false, IsCodeInsight: false
2006-12-26 13:08:51.705	Succeeded: false, IsCodeInsight: false
2006-12-26 13:08:54.208	Succeeded: false, IsCodeInsight: false
2006-12-26 13:09:04.032	Succeeded: false, IsCodeInsight: false
2006-12-26 13:09:05.534	Succeeded: true, IsCodeInsight: true
2006-12-26 13:09:21.618	Succeeded: false, IsCodeInsight: false
2006-12-26 13:09:24.161	Succeeded: false, IsCodeInsight: false
2006-12-26 13:11:02.412	Succeeded: false, IsCodeInsight: false
2006-12-26 13:11:36.672	Succeeded: true, IsCodeInsight: true
2006-12-26 13:12:12.533	Succeeded: true, IsCodeInsight: true
2006-12-26 13:12:16.359	Succeeded: true, IsCodeInsight: false
2006-12-26 13:13:31.216	Succeeded: true, IsCodeInsight: true
2006-12-26 13:13:32.548	Succeeded: true, IsCodeInsight: true
2006-12-26 13:14:00.699	Succeeded: true, IsCodeInsight: false
2006-12-26 13:14:07.709	Succeeded: true, IsCodeInsight: false
2006-12-26 17:20:37.205	Succeeded: true, IsCodeInsight: false
2006-12-26 17:20:53.068	Succeeded: true, IsCodeInsight: false
2006-12-26 17:30:53.682	Succeeded: true, IsCodeInsight: false
2006-12-30 23:00:16.523	Succeeded: true, IsCodeInsight: false
2007-01-10 18:59:18.170	Succeeded: true, IsCodeInsight: false
2007-01-27 11:26:58.943	Succeeded: true, IsCodeInsight: false
